<?xml version="1.0" encoding="UTF-8"?>
<!-- Generated by org.testng.reporters.JUnitReportReporter -->
<testsuite skipped="0" hostname="DESKTOP-O334I2L" name="com.Amazontesting.Test1" tests="1" failures="0" timestamp="31 Mar 2018 04:57:20 GMT" time="30.519" errors="0">
  <testcase name="f" time="30.519" classname="com.Amazontesting.Test1"/>
</testsuite> <!-- com.Amazontesting.Test1 -->
